{"C:/Users/Tejas/OneDrive/Documents/projects/react-a11y/src/App.tsx": {"path":"C:/Users/Tejas/OneDrive/Documents/projects/react-a11y/src/App.tsx","statementMap":{"0":{"start":{"line":5,"column":12},"end":{"line":88,"column":null}},"1":{"start":{"line":6,"column":28},"end":{"line":6,"column":null}},"2":{"start":{"line":7,"column":30},"end":{"line":7,"column":null}},"3":{"start":{"line":8,"column":28},"end":{"line":8,"column":null}},"4":{"start":{"line":11,"column":26},"end":{"line":32,"column":null}},"5":{"start":{"line":13,"column":4},"end":{"line":13,"column":null}},"6":{"start":{"line":15,"column":4},"end":{"line":31,"column":null}},"7":{"start":{"line":17,"column":6},"end":{"line":21,"column":null}},"8":{"start":{"line":18,"column":8},"end":{"line":18,"column":null}},"9":{"start":{"line":19,"column":8},"end":{"line":19,"column":null}},"10":{"start":{"line":20,"column":8},"end":{"line":20,"column":null}},"11":{"start":{"line":24,"column":18},"end":{"line":24,"column":null}},"12":{"start":{"line":25,"column":6},"end":{"line":25,"column":null}},"13":{"start":{"line":29,"column":6},"end":{"line":29,"column":null}},"14":{"start":{"line":30,"column":6},"end":{"line":30,"column":null}},"15":{"start":{"line":34,"column":28},"end":{"line":36,"column":null}},"16":{"start":{"line":35,"column":4},"end":{"line":35,"column":null}},"17":{"start":{"line":38,"column":23},"end":{"line":41,"column":null}},"18":{"start":{"line":39,"column":4},"end":{"line":39,"column":null}},"19":{"start":{"line":40,"column":4},"end":{"line":40,"column":null}}},"fnMap":{"0":{"name":"(anonymous_0)","decl":{"start":{"line":5,"column":12},"end":{"line":5,"column":null}},"loc":{"start":{"line":5,"column":12},"end":{"line":88,"column":null}}},"1":{"name":"(anonymous_1)","decl":{"start":{"line":11,"column":26},"end":{"line":11,"column":null}},"loc":{"start":{"line":11,"column":26},"end":{"line":32,"column":null}}},"2":{"name":"(anonymous_2)","decl":{"start":{"line":34,"column":28},"end":{"line":34,"column":29}},"loc":{"start":{"line":34,"column":29},"end":{"line":36,"column":null}}},"3":{"name":"(anonymous_3)","decl":{"start":{"line":38,"column":23},"end":{"line":38,"column":24}},"loc":{"start":{"line":38,"column":24},"end":{"line":41,"column":null}}}},"branchMap":{"0":{"loc":{"start":{"line":17,"column":6},"end":{"line":21,"column":null}},"type":"if","locations":[{"start":{"line":17,"column":6},"end":{"line":21,"column":null}},{"start":{},"end":{}}]},"1":{"loc":{"start":{"line":80,"column":9},"end":{"line":80,"column":18}},"type":"binary-expr","locations":[{"start":{"line":80,"column":9},"end":{"line":80,"column":18}}]},"2":{"loc":{"start":{"line":84,"column":9},"end":{"line":84,"column":28}},"type":"binary-expr","locations":[{"start":{"line":84,"column":9},"end":{"line":84,"column":28}}]}},"s":{"0":3,"1":97,"2":97,"3":97,"4":97,"5":26,"6":26,"7":26,"8":12,"9":12,"10":12,"11":14,"12":14,"13":0,"14":0,"15":97,"16":64,"17":97,"18":13,"19":13},"f":{"0":97,"1":26,"2":64,"3":13},"b":{"0":[12,14],"1":[97],"2":[97]}}
,"C:/Users/Tejas/OneDrive/Documents/projects/react-a11y/src/utils/stringCalculator.ts": {"path":"C:/Users/Tejas/OneDrive/Documents/projects/react-a11y/src/utils/stringCalculator.ts","statementMap":{"0":{"start":{"line":1,"column":26},"end":{"line":23,"column":2}},"1":{"start":{"line":3,"column":4},"end":{"line":5,"column":null}},"2":{"start":{"line":4,"column":8},"end":{"line":4,"column":null}},"3":{"start":{"line":7,"column":18},"end":{"line":7,"column":null}},"4":{"start":{"line":10,"column":4},"end":{"line":22,"column":null}},"5":{"start":{"line":11,"column":28},"end":{"line":11,"column":null}},"6":{"start":{"line":14,"column":20},"end":{"line":14,"column":null}},"7":{"start":{"line":16,"column":12},"end":{"line":19,"column":67}},"8":{"start":{"line":21,"column":8},"end":{"line":21,"column":null}},"9":{"start":{"line":27,"column":12},"end":{"line":27,"column":null}},"10":{"start":{"line":28,"column":12},"end":{"line":28,"column":null}},"11":{"start":{"line":29,"column":16},"end":{"line":29,"column":null}},"12":{"start":{"line":30,"column":14},"end":{"line":30,"column":null}},"13":{"start":{"line":32,"column":4},"end":{"line":40,"column":null}},"14":{"start":{"line":33,"column":19},"end":{"line":33,"column":null}},"15":{"start":{"line":34,"column":19},"end":{"line":34,"column":null}},"16":{"start":{"line":35,"column":20},"end":{"line":35,"column":null}},"17":{"start":{"line":36,"column":8},"end":{"line":36,"column":null}},"18":{"start":{"line":37,"column":8},"end":{"line":37,"column":null}},"19":{"start":{"line":38,"column":8},"end":{"line":38,"column":null}},"20":{"start":{"line":39,"column":8},"end":{"line":39,"column":null}},"21":{"start":{"line":42,"column":4},"end":{"line":42,"column":null}},"22":{"start":{"line":46,"column":4},"end":{"line":48,"column":null}},"23":{"start":{"line":47,"column":8},"end":{"line":47,"column":null}},"24":{"start":{"line":50,"column":16},"end":{"line":50,"column":null}},"25":{"start":{"line":51,"column":12},"end":{"line":51,"column":null}},"26":{"start":{"line":52,"column":16},"end":{"line":52,"column":null}},"27":{"start":{"line":54,"column":4},"end":{"line":62,"column":null}},"28":{"start":{"line":56,"column":8},"end":{"line":60,"column":null}},"29":{"start":{"line":57,"column":24},"end":{"line":57,"column":54}},"30":{"start":{"line":58,"column":12},"end":{"line":58,"column":null}},"31":{"start":{"line":58,"column":32},"end":{"line":58,"column":null}},"32":{"start":{"line":59,"column":12},"end":{"line":59,"column":null}},"33":{"start":{"line":61,"column":8},"end":{"line":61,"column":null}},"34":{"start":{"line":64,"column":4},"end":{"line":64,"column":null}}},"fnMap":{"0":{"name":"(anonymous_0)","decl":{"start":{"line":1,"column":26},"end":{"line":1,"column":27}},"loc":{"start":{"line":1,"column":27},"end":{"line":23,"column":2}}},"1":{"name":"(anonymous_1)","decl":{"start":{"line":10,"column":23},"end":{"line":10,"column":24}},"loc":{"start":{"line":10,"column":24},"end":{"line":22,"column":null}}},"2":{"name":"addTwoStrings","decl":{"start":{"line":26,"column":16},"end":{"line":26,"column":30}},"loc":{"start":{"line":26,"column":50},"end":{"line":43,"column":null}}},"3":{"name":"sumStringNumbers","decl":{"start":{"line":45,"column":16},"end":{"line":45,"column":33}},"loc":{"start":{"line":45,"column":46},"end":{"line":65,"column":null}}}},"branchMap":{"0":{"loc":{"start":{"line":3,"column":4},"end":{"line":5,"column":null}},"type":"if","locations":[{"start":{"line":3,"column":4},"end":{"line":5,"column":null}},{"start":{},"end":{}}]},"1":{"loc":{"start":{"line":3,"column":8},"end":{"line":3,"column":33}},"type":"binary-expr","locations":[{"start":{"line":3,"column":8},"end":{"line":3,"column":18}},{"start":{"line":3,"column":18},"end":{"line":3,"column":33}}]},"2":{"loc":{"start":{"line":16,"column":12},"end":{"line":19,"column":67}},"type":"binary-expr","locations":[{"start":{"line":16,"column":12},"end":{"line":16,"column":34}},{"start":{"line":17,"column":12},"end":{"line":17,"column":41}},{"start":{"line":18,"column":12},"end":{"line":18,"column":24}},{"start":{"line":19,"column":13},"end":{"line":19,"column":36}},{"start":{"line":19,"column":36},"end":{"line":19,"column":63}}]},"3":{"loc":{"start":{"line":32,"column":11},"end":{"line":32,"column":38}},"type":"binary-expr","locations":[{"start":{"line":32,"column":11},"end":{"line":32,"column":21}},{"start":{"line":32,"column":21},"end":{"line":32,"column":31}},{"start":{"line":32,"column":31},"end":{"line":32,"column":38}}]},"4":{"loc":{"start":{"line":33,"column":19},"end":{"line":33,"column":null}},"type":"cond-expr","locations":[{"start":{"line":33,"column":28},"end":{"line":33,"column":33}},{"start":{"line":33,"column":36},"end":{"line":33,"column":null}}]},"5":{"loc":{"start":{"line":34,"column":19},"end":{"line":34,"column":null}},"type":"cond-expr","locations":[{"start":{"line":34,"column":28},"end":{"line":34,"column":33}},{"start":{"line":34,"column":36},"end":{"line":34,"column":null}}]},"6":{"loc":{"start":{"line":46,"column":4},"end":{"line":48,"column":null}},"type":"if","locations":[{"start":{"line":46,"column":4},"end":{"line":48,"column":null}},{"start":{},"end":{}}]},"7":{"loc":{"start":{"line":56,"column":8},"end":{"line":60,"column":null}},"type":"if","locations":[{"start":{"line":56,"column":8},"end":{"line":60,"column":null}},{"start":{},"end":{}}]},"8":{"loc":{"start":{"line":56,"column":12},"end":{"line":56,"column":52}},"type":"binary-expr","locations":[{"start":{"line":56,"column":12},"end":{"line":56,"column":30}},{"start":{"line":56,"column":34},"end":{"line":56,"column":52}}]},"9":{"loc":{"start":{"line":58,"column":12},"end":{"line":58,"column":null}},"type":"if","locations":[{"start":{"line":58,"column":12},"end":{"line":58,"column":null}},{"start":{},"end":{}}]}},"s":{"0":4,"1":106,"2":7,"3":99,"4":99,"5":203,"6":203,"7":203,"8":203,"9":117,"10":117,"11":117,"12":117,"13":117,"14":455,"15":455,"16":455,"17":455,"18":455,"19":455,"20":455,"21":117,"22":43,"23":7,"24":36,"25":36,"26":36,"27":36,"28":385,"29":94,"30":94,"31":94,"32":94,"33":385,"34":36},"f":{"0":106,"1":203,"2":117,"3":43},"b":{"0":[7,99],"1":[106,100],"2":[203,196,172,172,162],"3":[572,264,142],"4":[308,147],"5":[321,134],"6":[7,36],"7":[94,291],"8":[385,349],"9":[94,0]}}
}
